mode: set
github.com/eliquious/mulu/server/parser.go:39.81,41.2 1 0
github.com/eliquious/mulu/server/parser.go:50.42,51.20 1 0
github.com/eliquious/mulu/server/parser.go:57.2,64.32 6 0
github.com/eliquious/mulu/server/parser.go:194.1,204.32 5 0
github.com/eliquious/mulu/server/parser.go:229.1,231.32 2 0
github.com/eliquious/mulu/server/parser.go:247.2,249.16 3 0
github.com/eliquious/mulu/server/parser.go:51.20,54.3 2 0
github.com/eliquious/mulu/server/parser.go:64.32,67.16 2 0
github.com/eliquious/mulu/server/parser.go:68.3,69.13 1 0
github.com/eliquious/mulu/server/parser.go:79.3,80.13 1 0
github.com/eliquious/mulu/server/parser.go:88.3,89.13 1 0
github.com/eliquious/mulu/server/parser.go:97.3,98.13 1 0
github.com/eliquious/mulu/server/parser.go:108.3,109.13 1 0
github.com/eliquious/mulu/server/parser.go:117.3,118.13 1 0
github.com/eliquious/mulu/server/parser.go:126.3,127.13 1 0
github.com/eliquious/mulu/server/parser.go:135.3,137.22 2 0
github.com/eliquious/mulu/server/parser.go:146.4,146.39 1 0
github.com/eliquious/mulu/server/parser.go:152.4,159.22 4 0
github.com/eliquious/mulu/server/parser.go:168.4,168.39 1 0
github.com/eliquious/mulu/server/parser.go:173.4,174.16 2 0
github.com/eliquious/mulu/server/parser.go:178.4,181.20 3 0
github.com/eliquious/mulu/server/parser.go:70.4,71.17 1 0
github.com/eliquious/mulu/server/parser.go:72.4,73.17 1 0
github.com/eliquious/mulu/server/parser.go:74.4,77.19 3 0
github.com/eliquious/mulu/server/parser.go:81.4,82.18 1 0
github.com/eliquious/mulu/server/parser.go:83.4,86.19 3 0
github.com/eliquious/mulu/server/parser.go:90.4,91.19 1 0
github.com/eliquious/mulu/server/parser.go:92.4,95.19 3 0
github.com/eliquious/mulu/server/parser.go:99.4,102.21 2 0
github.com/eliquious/mulu/server/parser.go:103.4,105.19 2 0
github.com/eliquious/mulu/server/parser.go:110.4,111.18 1 0
github.com/eliquious/mulu/server/parser.go:112.4,115.19 3 0
github.com/eliquious/mulu/server/parser.go:119.4,120.19 1 0
github.com/eliquious/mulu/server/parser.go:121.4,124.19 3 0
github.com/eliquious/mulu/server/parser.go:128.4,129.23 1 0
github.com/eliquious/mulu/server/parser.go:130.4,132.19 2 0
github.com/eliquious/mulu/server/parser.go:137.22,138.42 1 0
github.com/eliquious/mulu/server/parser.go:141.5,141.8 1 0
github.com/eliquious/mulu/server/parser.go:138.42,139.11 1 0
github.com/eliquious/mulu/server/parser.go:146.39,148.19 2 0
github.com/eliquious/mulu/server/parser.go:159.22,160.42 1 0
github.com/eliquious/mulu/server/parser.go:164.5,164.8 1 0
github.com/eliquious/mulu/server/parser.go:160.42,162.11 2 0
github.com/eliquious/mulu/server/parser.go:168.39,170.19 2 0
github.com/eliquious/mulu/server/parser.go:174.16,176.19 2 0
github.com/eliquious/mulu/server/parser.go:204.32,206.17 2 0
github.com/eliquious/mulu/server/parser.go:207.3,207.41 1 0
github.com/eliquious/mulu/server/parser.go:207.41,209.17 2 0
github.com/eliquious/mulu/server/parser.go:210.3,210.39 1 0
github.com/eliquious/mulu/server/parser.go:210.39,212.17 2 0
github.com/eliquious/mulu/server/parser.go:213.3,213.21 1 0
github.com/eliquious/mulu/server/parser.go:213.21,215.17 2 0
github.com/eliquious/mulu/server/parser.go:216.3,217.56 1 0
github.com/eliquious/mulu/server/parser.go:220.3,220.46 1 0
github.com/eliquious/mulu/server/parser.go:223.3,223.49 1 0
github.com/eliquious/mulu/server/parser.go:226.3,226.14 1 0
github.com/eliquious/mulu/server/parser.go:217.56,219.4 1 0
github.com/eliquious/mulu/server/parser.go:220.46,222.4 1 0
github.com/eliquious/mulu/server/parser.go:223.49,225.4 1 0
github.com/eliquious/mulu/server/parser.go:231.32,233.17 2 0
github.com/eliquious/mulu/server/parser.go:234.3,234.41 1 0
github.com/eliquious/mulu/server/parser.go:234.41,236.17 2 0
github.com/eliquious/mulu/server/parser.go:237.3,237.21 1 0
github.com/eliquious/mulu/server/parser.go:237.21,239.17 2 0
github.com/eliquious/mulu/server/parser.go:240.3,241.55 1 0
github.com/eliquious/mulu/server/parser.go:244.3,244.14 1 0
github.com/eliquious/mulu/server/parser.go:241.55,243.4 1 0
github.com/eliquious/mulu/server/server.go:14.68,19.2 1 0
github.com/eliquious/mulu/server/server.go:21.63,26.2 1 0
github.com/eliquious/mulu/server/server.go:39.49,41.16 1 0
github.com/eliquious/mulu/server/server.go:47.2,48.14 2 0
github.com/eliquious/mulu/server/server.go:54.2,55.14 2 0
github.com/eliquious/mulu/server/server.go:60.2,70.8 9 0
github.com/eliquious/mulu/server/server.go:41.16,44.3 2 0
github.com/eliquious/mulu/server/server.go:48.14,51.3 2 0
github.com/eliquious/mulu/server/server.go:55.14,58.3 2 0
github.com/eliquious/mulu/server/server.go:74.25,77.2 2 0
github.com/eliquious/mulu/server/server.go:80.44,83.6 2 0
github.com/eliquious/mulu/server/server.go:83.6,87.10 2 0
github.com/eliquious/mulu/server/server.go:90.3,92.10 2 0
github.com/eliquious/mulu/server/server.go:93.3,97.18 2 0
github.com/eliquious/mulu/server/server.go:107.4,109.18 3 0
github.com/eliquious/mulu/server/server.go:97.18,98.62 1 0
github.com/eliquious/mulu/server/server.go:103.5,103.13 1 0
github.com/eliquious/mulu/server/server.go:98.62,100.6 0 0
github.com/eliquious/mulu/server/server.go:100.6,102.6 1 0
github.com/eliquious/mulu/server/server.go:126.52,130.55 3 0
github.com/eliquious/mulu/server/server.go:130.55,131.37 1 0
github.com/eliquious/mulu/server/server.go:136.3,139.19 2 0
github.com/eliquious/mulu/server/server.go:131.37,135.4 3 0
github.com/eliquious/mulu/server/server.go:139.19,144.4 2 0
github.com/eliquious/mulu/server/server.go:144.4,144.26 1 0
github.com/eliquious/mulu/server/server.go:144.26,145.12 1 0
github.com/eliquious/mulu/server/server.go:146.4,149.4 2 0
github.com/eliquious/mulu/server/bufio.go:5.65,7.2 1 0
github.com/eliquious/mulu/server/bufio.go:20.62,21.55 1 0
github.com/eliquious/mulu/server/bufio.go:41.2,43.8 3 0
github.com/eliquious/mulu/server/bufio.go:21.55,22.19 1 0
github.com/eliquious/mulu/server/bufio.go:31.3,33.15 3 0
github.com/eliquious/mulu/server/bufio.go:37.3,38.14 2 0
github.com/eliquious/mulu/server/bufio.go:22.19,24.16 2 0
github.com/eliquious/mulu/server/bufio.go:27.4,27.16 1 0
github.com/eliquious/mulu/server/bufio.go:24.16,26.5 1 0
github.com/eliquious/mulu/server/bufio.go:33.15,35.4 1 0
github.com/eliquious/mulu/server/bufio.go:46.41,48.18 1 0
github.com/eliquious/mulu/server/bufio.go:54.2,55.12 2 0
github.com/eliquious/mulu/server/bufio.go:48.18,50.17 2 0
github.com/eliquious/mulu/server/bufio.go:50.17,52.4 1 0
github.com/eliquious/mulu/server/bufio.go:58.43,60.2 1 0
github.com/eliquious/mulu/server/bufio.go:62.35,64.2 1 0
github.com/eliquious/mulu/server/bufio.go:66.42,68.2 1 0
github.com/eliquious/mulu/server/bufio.go:70.42,72.2 1 0
github.com/eliquious/mulu/server/handler.go:15.112,34.2 3 0
github.com/eliquious/mulu/server/handler.go:46.32,52.2 3 0
github.com/eliquious/mulu/server/handler.go:54.39,59.6 5 0
github.com/eliquious/mulu/server/handler.go:59.6,60.10 1 0
github.com/eliquious/mulu/server/handler.go:61.3,62.10 1 0
github.com/eliquious/mulu/server/handler.go:63.3,65.13 2 0
github.com/eliquious/mulu/server/handler.go:89.4,89.35 1 0
github.com/eliquious/mulu/server/handler.go:65.13,66.33 1 0
github.com/eliquious/mulu/server/handler.go:66.33,67.36 1 0
github.com/eliquious/mulu/server/handler.go:74.6,74.37 1 0
github.com/eliquious/mulu/server/handler.go:67.36,71.7 3 0
github.com/eliquious/mulu/server/handler.go:74.37,79.7 2 0
github.com/eliquious/mulu/server/handler.go:79.7,79.44 1 0
github.com/eliquious/mulu/server/handler.go:79.44,80.15 1 0
github.com/eliquious/mulu/server/handler.go:81.7,84.7 2 0
github.com/eliquious/mulu/server/handler.go:86.5,86.28 1 0
github.com/eliquious/mulu/server/handler.go:86.28,88.5 1 0
github.com/eliquious/mulu/server/handler.go:89.35,91.5 1 0
